<?xml version="1.0" encoding="UTF-8"?>
<testng-results ignored="0" total="1" passed="1" failed="0" skipped="0">
  <reporter-output>
  </reporter-output>
  <suite started-at="2022-05-08T10:31:58 IST" name="Default suite" finished-at="2022-05-08T10:31:58 IST" duration-ms="92">
    <groups>
    </groups>
    <test started-at="2022-05-08T10:31:58 IST" name="Default test" finished-at="2022-05-08T10:31:58 IST" duration-ms="92">
      <class name="getPropProg.getPropertyProgrammeTest">
        <test-method signature="getPropertyProg()[pri:0, instance:getPropProg.getPropertyProgrammeTest@2cd2a21f]" started-at="2022-05-08T10:31:58 IST" name="getPropertyProg" finished-at="2022-05-08T10:31:58 IST" duration-ms="17" status="PASS">
          <reporter-output>
          </reporter-output>
        </test-method> <!-- getPropertyProg -->
      </class> <!-- getPropProg.getPropertyProgrammeTest -->
    </test> <!-- Default test -->
  </suite> <!-- Default suite -->
</testng-results>
